<?xml version="1.0" encoding="UTF-8"?>
<!-- Generated by org.testng.reporters.JUnitReportReporter -->
<testsuite hostname="VINAY" failures="0" tests="1" name="EXTENTREPORT.Program" time="9.989" errors="0" timestamp="2023-12-23T14:34:58 IST" skipped="0">
  <testcase classname="EXTENTREPORT.Program" name="report" time="9.989"/>
  <system-out/>
</testsuite> <!-- EXTENTREPORT.Program -->
