<?xml version="1.0" encoding="UTF-8"?>
<!-- Generated by org.testng.reporters.JUnitReportReporter -->
<testsuite hostname="VINAY" failures="0" tests="1" name="Selenium.myntraTest" time="2.352" errors="0" timestamp="2023-12-21T14:48:08 IST" skipped="0">
  <testcase classname="Selenium.myntraTest" name="amazon" time="2.352"/>
  <system-out/>
</testsuite> <!-- Selenium.myntraTest -->
