<?xml version="1.0" encoding="UTF-8"?>
<!-- Generated by org.testng.reporters.JUnitReportReporter -->
<testsuite hostname="VINAY" failures="0" tests="1" name="Selenium.amazonTest" time="3.961" errors="0" timestamp="2023-12-21T14:48:08 IST" skipped="0">
  <testcase classname="Selenium.amazonTest" name="amazon" time="3.961"/>
  <system-out/>
</testsuite> <!-- Selenium.amazonTest -->
