<?xml version="1.0" encoding="UTF-8"?>
<!-- Generated by org.testng.reporters.JUnitReportReporter -->
<testsuite hostname="VINAY" failures="0" tests="1" name="Selenium.flipkartTest" time="7.531" errors="0" timestamp="2023-12-21T14:48:08 IST" skipped="0">
  <testcase classname="Selenium.flipkartTest" name="amazon" time="7.531"/>
  <system-out/>
</testsuite> <!-- Selenium.flipkartTest -->
