<?xml version="1.0" encoding="UTF-8"?>
<!-- Generated by org.testng.reporters.JUnitReportReporter -->
<testsuite hostname="VINAY" failures="0" tests="1" name="Selenium.sampleTest" time="0.001" errors="0" timestamp="2023-12-21T14:48:08 IST" skipped="0">
  <testcase classname="Selenium.sampleTest" name="m1" time="0.001"/>
  <system-out>
    <![CDATA[HI]]>
  </system-out>
</testsuite> <!-- Selenium.sampleTest -->
